<?xml version="1.0" encoding="UTF-8"?>
<testng-results ignored="0" total="1" passed="1" failed="0" skipped="0">
  <reporter-output>
  </reporter-output>
  <suite started-at="2021-03-25T18:55:02 GMT" name="Default suite" finished-at="2021-03-25T18:55:57 GMT" duration-ms="54916">
    <groups>
    </groups>
    <test started-at="2021-03-25T18:55:02 GMT" name="Default test" finished-at="2021-03-25T18:55:57 GMT" duration-ms="54916">
      <class name="moneyGaming.HomePageTest">
        <test-method signature="basePageNavigation()[pri:0, instance:moneyGaming.HomePageTest@101952da]" started-at="2021-03-25T18:55:02 GMT" name="basePageNavigation" finished-at="2021-03-25T18:55:57 GMT" duration-ms="54863" status="PASS">
          <reporter-output>
          </reporter-output>
        </test-method> <!-- basePageNavigation -->
      </class> <!-- moneyGaming.HomePageTest -->
    </test> <!-- Default test -->
  </suite> <!-- Default suite -->
</testng-results>
